 {"level":"info","message":"App listening on url http://localhost:3000","timestamp":"2022-07-10T22:19:13.691Z"}
{"level":"info","message":"Mongo db Connected.....","timestamp":"2022-07-10T22:19:13.767Z"}
{"level":"info","message":"App listening on url http://localhost:3000","timestamp":"2022-07-10T22:20:01.744Z"}
{"level":"info","message":"Mongo db Connected.....","timestamp":"2022-07-10T22:20:01.785Z"}
{"level":"info","message":"App listening on url http://localhost:3000","timestamp":"2022-07-10T22:20:27.397Z"}
{"level":"info","message":"App listening on url http://localhost:3000","timestamp":"2022-07-10T22:20:49.449Z"}
{"level":"info","message":"App listening on url http://localhost:3000","timestamp":"2022-07-10T22:21:12.461Z"}
{"level":"info","message":"App listening on url http://localhost:3000","timestamp":"2022-07-10T22:22:43.386Z"}
{"level":"info","message":"App listening on url http://localhost:3000","timestamp":"2022-07-10T22:23:16.079Z"}
{"level":"info","message":"App listening on url http://localhost:3000","timestamp":"2022-07-10T22:24:34.699Z"}
{"level":"info","message":"Mongo db Connected.....","timestamp":"2022-07-10T22:24:46.067Z"}
{"level":"info","message":"App listening on url http://localhost:3000","timestamp":"2022-07-10T22:29:14.646Z"}
{"level":"info","message":"Mongo db Connected.....","timestamp":"2022-07-10T22:29:20.797Z"}
{"level":"info","message":"App listening on url undefined","timestamp":"2022-07-10T22:31:13.634Z"}
{"level":"info","message":"App listening on url undefined","timestamp":"2022-07-10T22:31:40.284Z"}
{"level":"info","message":"App listening on url undefined","timestamp":"2022-07-10T22:31:53.295Z"}
{"level":"info","message":"App listening on url http://localhost:3000","timestamp":"2022-07-10T22:33:08.495Z"}
{"level":"info","message":"Mongo db Connected.....","timestamp":"2022-07-10T22:33:09.942Z"}
{"level":"info","message":"App listening on url http://localhost:3000","timestamp":"2022-07-10T22:33:28.759Z"}
{"level":"info","message":"Mongo db Connected.....","timestamp":"2022-07-10T22:33:29.894Z"}
{"level":"info","message":"App listening on url undefined","timestamp":"2022-07-10T22:33:35.434Z"}
{"level":"info","message":"App listening on url http://localhost:3000","timestamp":"2022-07-10T22:33:44.119Z"}
{"level":"info","message":"Mongo db Connected.....","timestamp":"2022-07-10T22:33:45.229Z"}
{"level":"info","message":"App listening on url undefined","timestamp":"2022-07-10T22:34:04.649Z"}
{"level":"info","message":"App listening on url http://localhost:3000","timestamp":"2022-07-10T22:34:08.944Z"}
{"level":"info","message":"Mongo db Connected.....","timestamp":"2022-07-10T22:34:10.123Z"}
{"level":"info","message":"App listening on url http://localhost:3000","timestamp":"2022-07-11T20:29:17.421Z"}
{"level":"info","message":"Mongo db Connected.....","timestamp":"2022-07-11T20:29:18.957Z"}
{"level":"info","message":"App listening on url http://localhost:3000","timestamp":"2022-07-11T20:41:06.303Z"}
{"level":"info","message":"Mongo db Connected.....","timestamp":"2022-07-11T20:41:07.278Z"}
{"level":"info","message":"App listening on url http://localhost:3000","timestamp":"2022-07-11T21:09:36.414Z"}
{"level":"info","message":"Mongo db Connected.....","timestamp":"2022-07-11T21:09:36.432Z"}
{"level":"info","message":"App listening on url http://localhost:3000","timestamp":"2022-07-11T21:39:26.394Z"}
{"level":"info","message":"Mongo db Connected.....","timestamp":"2022-07-11T21:39:26.419Z"}
{"level":"info","message":"App listening on url http://localhost:3000","timestamp":"2022-07-11T21:41:12.526Z"}
{"level":"info","message":"Mongo db Connected.....","timestamp":"2022-07-11T21:41:12.547Z"}
{"level":"info","message":"App listening on url http://localhost:3000","timestamp":"2022-07-11T21:41:14.721Z"}
{"level":"info","message":"Mongo db Connected.....","timestamp":"2022-07-11T21:41:14.742Z"}
{"level":"info","message":"App listening on url http://localhost:3000","timestamp":"2022-07-11T21:41:19.324Z"}
{"level":"info","message":"Mongo db Connected.....","timestamp":"2022-07-11T21:41:19.350Z"}
{"level":"info","message":"App listening on url http://localhost:3000","timestamp":"2022-07-11T21:45:04.322Z"}
{"level":"info","message":"Mongo db Connected.....","timestamp":"2022-07-11T21:45:04.342Z"}
{"level":"info","message":"App listening on url http://localhost:3000","timestamp":"2022-07-11T21:45:07.064Z"}
{"level":"info","message":"Mongo db Connected.....","timestamp":"2022-07-11T21:45:07.085Z"}
{"level":"info","message":"App listening on url http://localhost:3000","timestamp":"2022-07-13T13:42:42.790Z"}
{"level":"info","message":"Mongo db Connected.....","timestamp":"2022-07-13T13:42:42.861Z"}
{"level":"info","message":"App listening on url http://localhost:3000","timestamp":"2022-07-13T13:55:23.658Z"}
{"level":"info","message":"Mongo db Connected.....","timestamp":"2022-07-13T13:55:23.690Z"}
{"level":"info","message":"App listening on url http://localhost:3000","timestamp":"2022-07-13T13:55:24.645Z"}
{"level":"info","message":"Mongo db Connected.....","timestamp":"2022-07-13T13:55:24.662Z"}
{"level":"info","message":"App listening on url http://localhost:3000","timestamp":"2022-07-13T13:55:32.320Z"}
{"level":"info","message":"Mongo db Connected.....","timestamp":"2022-07-13T13:55:32.341Z"}
{"level":"info","message":"App listening on url http://localhost:3000","timestamp":"2022-07-13T14:05:47.338Z"}
{"level":"info","message":"Mongo db Connected.....","timestamp":"2022-07-13T14:05:47.353Z"}
{"level":"info","message":"App listening on url http://localhost:3000","timestamp":"2022-07-13T14:05:49.535Z"}
{"level":"info","message":"Mongo db Connected.....","timestamp":"2022-07-13T14:05:49.554Z"}
{"level":"info","message":"App listening on url http://localhost:3000","timestamp":"2022-07-13T14:51:34.153Z"}
{"level":"info","message":"Mongo db Connected.....","timestamp":"2022-07-13T14:51:34.173Z"}
{"level":"info","message":"App listening on url http://localhost:3000","timestamp":"2022-07-13T14:57:54.437Z"}
{"level":"info","message":"Mongo db Connected.....","timestamp":"2022-07-13T14:57:54.456Z"}
{"level":"info","message":"App listening on url http://localhost:3000","timestamp":"2022-07-13T17:55:41.912Z"}
{"level":"info","message":"Mongo db Connected.....","timestamp":"2022-07-13T17:55:41.930Z"}
{"level":"info","message":"App listening on url http://localhost:3000","timestamp":"2022-07-13T17:55:42.904Z"}
{"level":"info","message":"Mongo db Connected.....","timestamp":"2022-07-13T17:55:42.925Z"}
{"level":"info","message":"App listening on url http://localhost:3000","timestamp":"2022-07-13T17:56:14.832Z"}
{"level":"info","message":"Mongo db Connected.....","timestamp":"2022-07-13T17:56:14.856Z"}
{"level":"info","message":"App listening on url http://localhost:3000","timestamp":"2022-07-13T18:37:09.799Z"}
{"level":"info","message":"Mongo db Connected.....","timestamp":"2022-07-13T18:37:09.817Z"}
{"level":"info","message":"App listening on url http://localhost:3000","timestamp":"2022-07-13T18:37:46.526Z"}
{"level":"info","message":"Mongo db Connected.....","timestamp":"2022-07-13T18:37:46.545Z"}
{"level":"info","message":"App listening on url http://localhost:3000","timestamp":"2022-07-13T19:35:16.378Z"}
{"level":"info","message":"Mongo db Connected.....","timestamp":"2022-07-13T19:35:16.416Z"}
{"level":"info","message":"App listening on url http://localhost:3000","timestamp":"2022-07-13T19:35:28.115Z"}
{"level":"info","message":"Mongo db Connected.....","timestamp":"2022-07-13T19:35:28.157Z"}
{"level":"info","message":"App listening on url http://localhost:3000","timestamp":"2022-07-17T10:45:07.628Z"}
{"level":"info","message":"Mongo db Connected.....","timestamp":"2022-07-17T10:45:07.713Z"}
{"message":"Cannot read properties of undefined (reading 'categorie')","stack":"TypeError: Cannot read properties of undefined (reading 'categorie')\n    at exports.statistique (C:\\Users\\asus\\Desktop\\product-backend\\product-backend\\controllers\\product.js:130:52)\n    at Layer.handle [as handle_request] (C:\\Users\\asus\\Desktop\\product-backend\\product-backend\\node_modules\\express\\lib\\router\\layer.js:95:5)\n    at next (C:\\Users\\asus\\Desktop\\product-backend\\product-backend\\node_modules\\express\\lib\\router\\route.js:137:13)\n    at Route.dispatch (C:\\Users\\asus\\Desktop\\product-backend\\product-backend\\node_modules\\express\\lib\\router\\route.js:112:3)\n    at Layer.handle [as handle_request] (C:\\Users\\asus\\Desktop\\product-backend\\product-backend\\node_modules\\express\\lib\\router\\layer.js:95:5)\n    at C:\\Users\\asus\\Desktop\\product-backend\\product-backend\\node_modules\\express\\lib\\router\\index.js:281:22\n    at param (C:\\Users\\asus\\Desktop\\product-backend\\product-backend\\node_modules\\express\\lib\\router\\index.js:354:14)\n    at param (C:\\Users\\asus\\Desktop\\product-backend\\product-backend\\node_modules\\express\\lib\\router\\index.js:365:14)\n    at Function.process_params (C:\\Users\\asus\\Desktop\\product-backend\\product-backend\\node_modules\\express\\lib\\router\\index.js:410:3)\n    at next (C:\\Users\\asus\\Desktop\\product-backend\\product-backend\\node_modules\\express\\lib\\router\\index.js:275:10)\n    at Function.handle (C:\\Users\\asus\\Desktop\\product-backend\\product-backend\\node_modules\\express\\lib\\router\\index.js:174:3)\n    at router (C:\\Users\\asus\\Desktop\\product-backend\\product-backend\\node_modules\\express\\lib\\router\\index.js:47:12)\n    at newFn (C:\\Users\\asus\\Desktop\\product-backend\\product-backend\\node_modules\\express-async-errors\\index.js:16:20)\n    at Layer.handle [as handle_request] (C:\\Users\\asus\\Desktop\\product-backend\\product-backend\\node_modules\\express\\lib\\router\\layer.js:95:5)\n    at trim_prefix (C:\\Users\\asus\\Desktop\\product-backend\\product-backend\\node_modules\\express\\lib\\router\\index.js:317:13)\n    at C:\\Users\\asus\\Desktop\\product-backend\\product-backend\\node_modules\\express\\lib\\router\\index.js:284:7","level":"error","timestamp":"2022-07-17T10:46:52.070Z"}
{"level":"info","message":"App listening on url http://localhost:3000","timestamp":"2022-07-17T10:47:42.251Z"}
{"level":"info","message":"Mongo db Connected.....","timestamp":"2022-07-17T10:47:42.273Z"}
{"level":"info","message":"App listening on url http://localhost:3000","timestamp":"2022-07-17T10:47:43.743Z"}
{"level":"info","message":"Mongo db Connected.....","timestamp":"2022-07-17T10:47:43.798Z"}
{"message":"getMonthDateRange is not defined","stack":"ReferenceError: getMonthDateRange is not defined\n    at exports.statistique (C:\\Users\\asus\\Desktop\\product-backend\\product-backend\\controllers\\product.js:133:28)\n    at processTicksAndRejections (node:internal/process/task_queues:96:5)","level":"error","timestamp":"2022-07-17T10:47:51.142Z"}
{"level":"info","message":"App listening on url http://localhost:3000","timestamp":"2022-07-17T10:51:15.617Z"}
{"level":"info","message":"Mongo db Connected.....","timestamp":"2022-07-17T10:51:15.646Z"}
{"level":"info","message":"App listening on url http://localhost:3000","timestamp":"2022-07-17T10:51:24.497Z"}
{"level":"info","message":"Mongo db Connected.....","timestamp":"2022-07-17T10:51:24.518Z"}
{"message":"forEach is not defined","stack":"ReferenceError: forEach is not defined\n    at exports.statistique (C:\\Users\\asus\\Desktop\\product-backend\\product-backend\\controllers\\product.js:138:5)\n    at processTicksAndRejections (node:internal/process/task_queues:96:5)","level":"error","timestamp":"2022-07-17T10:51:28.441Z"}
{"level":"info","message":"App listening on url http://localhost:3000","timestamp":"2022-07-17T10:52:52.134Z"}
{"level":"info","message":"Mongo db Connected.....","timestamp":"2022-07-17T10:52:52.152Z"}
{"message":"Cannot read properties of undefined (reading 'categorie')","stack":"TypeError: Cannot read properties of undefined (reading 'categorie')\n    at C:\\Users\\asus\\Desktop\\product-backend\\product-backend\\controllers\\product.js:144:114\n    at new Promise (<anonymous>)\n    at Object.<anonymous> (C:\\Users\\asus\\Desktop\\product-backend\\product-backend\\controllers\\product.js:142:21)\n    at next (C:\\Users\\asus\\Desktop\\product-backend\\product-backend\\node_modules\\async-foreach\\lib\\foreach.js:46:23)\n    at exports.forEach (C:\\Users\\asus\\Desktop\\product-backend\\product-backend\\node_modules\\async-foreach\\lib\\foreach.js:60:6)\n    at exports.statistique (C:\\Users\\asus\\Desktop\\product-backend\\product-backend\\controllers\\product.js:140:5)\n    at processTicksAndRejections (node:internal/process/task_queues:96:5)","level":"error","timestamp":"2022-07-17T10:52:58.967Z"}
{"level":"info","message":"App listening on url http://localhost:3000","timestamp":"2022-07-17T10:53:48.217Z"}
{"level":"info","message":"Mongo db Connected.....","timestamp":"2022-07-17T10:53:48.235Z"}
{"level":"info","message":"App listening on url http://localhost:3000","timestamp":"2022-07-17T10:55:52.015Z"}
{"level":"info","message":"Mongo db Connected.....","timestamp":"2022-07-17T10:55:52.036Z"}
{"level":"info","message":"App listening on url http://localhost:3000","timestamp":"2022-07-17T10:55:53.354Z"}
{"level":"info","message":"Mongo db Connected.....","timestamp":"2022-07-17T10:55:53.375Z"}
{"level":"info","message":"App listening on url http://localhost:3000","timestamp":"2022-07-17T10:56:21.438Z"}
{"level":"info","message":"Mongo db Connected.....","timestamp":"2022-07-17T10:56:21.474Z"}
{"level":"info","message":"App listening on url http://localhost:3000","timestamp":"2022-07-17T10:56:27.490Z"}
{"level":"info","message":"Mongo db Connected.....","timestamp":"2022-07-17T10:56:27.534Z"}
{"level":"info","message":"App listening on url http://localhost:3000","timestamp":"2022-07-17T10:56:30.206Z"}
{"level":"info","message":"Mongo db Connected.....","timestamp":"2022-07-17T10:56:30.231Z"}
{"level":"info","message":"App listening on url http://localhost:3000","timestamp":"2022-07-17T10:59:25.841Z"}
{"level":"info","message":"Mongo db Connected.....","timestamp":"2022-07-17T10:59:25.862Z"}
{"level":"info","message":"App listening on url http://localhost:3000","timestamp":"2022-07-17T10:59:33.022Z"}
{"level":"info","message":"Mongo db Connected.....","timestamp":"2022-07-17T10:59:33.048Z"}
{"level":"info","message":"App listening on url http://localhost:3000","timestamp":"2022-07-17T10:59:36.260Z"}
{"level":"info","message":"Mongo db Connected.....","timestamp":"2022-07-17T10:59:36.279Z"}
{"level":"info","message":"App listening on url http://localhost:3000","timestamp":"2022-07-17T10:59:41.171Z"}
{"level":"info","message":"Mongo db Connected.....","timestamp":"2022-07-17T10:59:41.226Z"}
{"level":"info","message":"App listening on url http://localhost:3000","timestamp":"2022-07-17T11:00:44.662Z"}
{"level":"info","message":"Mongo db Connected.....","timestamp":"2022-07-17T11:00:44.683Z"}
{"level":"info","message":"App listening on url http://localhost:3000","timestamp":"2022-07-17T11:00:46.789Z"}
{"level":"info","message":"Mongo db Connected.....","timestamp":"2022-07-17T11:00:46.811Z"}
{"level":"info","message":"App listening on url http://localhost:3000","timestamp":"2022-07-17T11:06:39.259Z"}
{"level":"info","message":"Mongo db Connected.....","timestamp":"2022-07-17T11:06:39.277Z"}
{"level":"info","message":"App listening on url http://localhost:3000","timestamp":"2022-07-17T11:06:43.640Z"}
{"level":"info","message":"Mongo db Connected.....","timestamp":"2022-07-17T11:06:43.659Z"}
{"level":"info","message":"App listening on url http://localhost:3000","timestamp":"2022-07-17T11:06:46.374Z"}
{"level":"info","message":"Mongo db Connected.....","timestamp":"2022-07-17T11:06:46.406Z"}
{"level":"info","message":"App listening on url http://localhost:3000","timestamp":"2022-07-17T11:19:00.180Z"}
{"level":"info","message":"Mongo db Connected.....","timestamp":"2022-07-17T11:19:00.203Z"}
{"level":"info","message":"App listening on url http://localhost:3000","timestamp":"2022-07-20T12:29:41.097Z"}
{"level":"info","message":"Mongo db Connected.....","timestamp":"2022-07-20T12:29:41.295Z"}
{"level":"info","message":"App listening on url http://localhost:3000","timestamp":"2022-07-20T16:40:39.126Z"}
{"level":"info","message":"Mongo db Connected.....","timestamp":"2022-07-20T16:40:39.158Z"}
{"level":"info","message":"App listening on url http://localhost:3000","timestamp":"2022-07-20T16:41:22.997Z"}
{"level":"info","message":"Mongo db Connected.....","timestamp":"2022-07-20T16:41:23.022Z"}
{"level":"info","message":"App listening on url http://localhost:3000","timestamp":"2022-07-20T16:41:48.079Z"}
{"level":"info","message":"Mongo db Connected.....","timestamp":"2022-07-20T16:41:48.102Z"}
{"level":"info","message":"App listening on url http://localhost:3000","timestamp":"2022-07-20T16:41:52.833Z"}
{"level":"info","message":"Mongo db Connected.....","timestamp":"2022-07-20T16:41:52.866Z"}
{"level":"info","message":"App listening on url http://localhost:3000","timestamp":"2022-07-20T16:44:37.993Z"}
{"level":"info","message":"Mongo db Connected.....","timestamp":"2022-07-20T16:44:38.011Z"}
{"level":"info","message":"App listening on url http://localhost:3000","timestamp":"2022-07-20T16:46:14.390Z"}
{"level":"info","message":"Mongo db Connected.....","timestamp":"2022-07-20T16:46:14.412Z"}
{"level":"info","message":"App listening on url http://localhost:3000","timestamp":"2022-07-20T16:46:16.086Z"}
{"level":"info","message":"Mongo db Connected.....","timestamp":"2022-07-20T16:46:16.109Z"}
{"level":"info","message":"App listening on url http://localhost:3000","timestamp":"2022-07-20T16:48:27.226Z"}
{"level":"info","message":"Mongo db Connected.....","timestamp":"2022-07-20T16:48:27.245Z"}
{"level":"info","message":"App listening on url http://localhost:3000","timestamp":"2022-07-20T16:48:29.998Z"}
{"level":"info","message":"Mongo db Connected.....","timestamp":"2022-07-20T16:48:30.018Z"}
{"level":"info","message":"App listening on url http://localhost:3000","timestamp":"2022-07-20T16:48:34.573Z"}
{"level":"info","message":"Mongo db Connected.....","timestamp":"2022-07-20T16:48:34.590Z"}
{"level":"info","message":"App listening on url http://localhost:3000","timestamp":"2022-07-20T16:50:03.551Z"}
{"level":"info","message":"Mongo db Connected.....","timestamp":"2022-07-20T16:50:03.620Z"}
{"message":"Cannot read properties of null (reading 'slug')","stack":"TypeError: Cannot read properties of null (reading 'slug')\n    at exports.statistique (C:\\Users\\asus\\Desktop\\product-backend\\product-backend\\controllers\\product.js:132:49)\n    at runMicrotasks (<anonymous>)\n    at processTicksAndRejections (node:internal/process/task_queues:96:5)","level":"error","timestamp":"2022-07-20T18:31:10.117Z"}
{"level":"info","message":"App listening on url http://localhost:3000","timestamp":"2022-07-20T18:41:08.285Z"}
{"level":"info","message":"Mongo db Connected.....","timestamp":"2022-07-20T18:41:08.316Z"}
{"message":"Cannot read properties of null (reading 'slug')","stack":"TypeError: Cannot read properties of null (reading 'slug')\n    at exports.statistique (C:\\Users\\asus\\Desktop\\product-backend\\product-backend\\controllers\\product.js:132:49)\n    at processTicksAndRejections (node:internal/process/task_queues:96:5)","level":"error","timestamp":"2022-07-20T18:57:36.641Z"}
{"level":"info","message":"App listening on url http://localhost:3000","timestamp":"2022-07-20T19:00:20.655Z"}
{"level":"info","message":"Mongo db Connected.....","timestamp":"2022-07-20T19:00:21.663Z"}
